<?xml version="1.0" encoding="UTF-8"?>
<!-- Generated by org.testng.reporters.JUnitReportReporter -->
<testsuite hostname="Ars2002" failures="0" tests="2" name="testcases.HomePageTest" time="5.492" errors="0" timestamp="2025-01-14T15:37:20 IST" skipped="0">
  <testcase classname="testcases.HomePageTest" name="validate_User_Landed_To_Home_Page" time="2.684"/>
  <system-out/>
  <testcase classname="testcases.HomePageTest" name="register_A_Customer" time="2.808"/>
  <system-out/>
</testsuite> <!-- testcases.HomePageTest -->
