<?xml version="1.0" encoding="UTF-8"?>
<!-- Generated by org.testng.reporters.JUnitReportReporter -->
<testsuite hostname="Ars2002" failures="0" tests="2" name="testcases.HomePageTest" time="6.109" errors="0" timestamp="2025-01-15T14:55:31 IST" skipped="0">
  <testcase classname="testcases.HomePageTest" name="validate_Logo_Display" time="3.251"/>
  <system-out/>
  <testcase classname="testcases.HomePageTest" name="register_A_Customer" time="2.858"/>
  <system-out/>
</testsuite> <!-- testcases.HomePageTest -->
