<?xml version="1.0" encoding="UTF-8"?>
<!-- Generated by org.testng.reporters.JUnitReportReporter -->
<testsuite hostname="Ars2002" failures="0" tests="2" name="testcases.Register_A_Customer_Test" time="8.206" errors="0" timestamp="2025-01-15T15:57:24 IST" skipped="0">
  <testcase classname="testcases.Register_A_Customer_Test" name="validate_Logo_Display" time="2.786"/>
  <system-out/>
  <testcase classname="testcases.Register_A_Customer_Test" name="register_A_Customer" time="5.420"/>
  <system-out/>
</testsuite> <!-- testcases.Register_A_Customer_Test -->
